[0.469s] Invoking command in '/Users/fabio/Documents/Projects/ros2_ws/src/my_robot_controller': CONDA_PROMPT_MODIFIER=(base) PYTHONPATH=/Users/fabio/Documents/Projects/ros2_ws/build/my_robot_controller/prefix_override:/Users/fabio/Documents/Projects/ros2_ws/install/my_robot_controller/lib/python3.10/site-packages:${PYTHONPATH} SHLVL=4 _=/usr/bin/env /Users/fabio/miniconda3/envs/ros_env/envs/ros_env/bin/python3.10 setup.py egg_info --egg-base ../../build/my_robot_controller build --build-base /Users/fabio/Documents/Projects/ros2_ws/build/my_robot_controller/build install --record /Users/fabio/Documents/Projects/ros2_ws/build/my_robot_controller/install.log --single-version-externally-managed
[0.604s] running egg_info
[0.604s] writing ../../build/my_robot_controller/my_robot_controller.egg-info/PKG-INFO
[0.604s] writing dependency_links to ../../build/my_robot_controller/my_robot_controller.egg-info/dependency_links.txt
[0.604s] writing entry points to ../../build/my_robot_controller/my_robot_controller.egg-info/entry_points.txt
[0.605s] writing requirements to ../../build/my_robot_controller/my_robot_controller.egg-info/requires.txt
[0.605s] writing top-level names to ../../build/my_robot_controller/my_robot_controller.egg-info/top_level.txt
[0.606s] reading manifest file '../../build/my_robot_controller/my_robot_controller.egg-info/SOURCES.txt'
[0.607s] writing manifest file '../../build/my_robot_controller/my_robot_controller.egg-info/SOURCES.txt'
[0.607s] running build
[0.607s] running build_py
[0.608s] running install
[0.608s] running install_lib
[0.609s] running install_data
[0.609s] running install_egg_info
[0.610s] removing '/Users/fabio/Documents/Projects/ros2_ws/install/my_robot_controller/lib/python3.10/site-packages/my_robot_controller-0.0.0-py3.10.egg-info' (and everything under it)
[0.610s] Copying ../../build/my_robot_controller/my_robot_controller.egg-info to /Users/fabio/Documents/Projects/ros2_ws/install/my_robot_controller/lib/python3.10/site-packages/my_robot_controller-0.0.0-py3.10.egg-info
[0.612s] running install_scripts
[0.626s] Installing test_node script to /Users/fabio/Documents/Projects/ros2_ws/install/my_robot_controller/lib/my_robot_controller
[0.627s] writing list of installed files to '/Users/fabio/Documents/Projects/ros2_ws/build/my_robot_controller/install.log'
[0.641s] Invoked command in '/Users/fabio/Documents/Projects/ros2_ws/src/my_robot_controller' returned '0': CONDA_PROMPT_MODIFIER=(base) PYTHONPATH=/Users/fabio/Documents/Projects/ros2_ws/build/my_robot_controller/prefix_override:/Users/fabio/Documents/Projects/ros2_ws/install/my_robot_controller/lib/python3.10/site-packages:${PYTHONPATH} SHLVL=4 _=/usr/bin/env /Users/fabio/miniconda3/envs/ros_env/envs/ros_env/bin/python3.10 setup.py egg_info --egg-base ../../build/my_robot_controller build --build-base /Users/fabio/Documents/Projects/ros2_ws/build/my_robot_controller/build install --record /Users/fabio/Documents/Projects/ros2_ws/build/my_robot_controller/install.log --single-version-externally-managed
