[0.455s] Invoking command in '/Users/fabio/Documents/Projects/ros2_ws/src/my_robot_controller': CONDA_PROMPT_MODIFIER=(ros_env) PYTHONPATH=/Users/fabio/Documents/Projects/ros2_ws/build/my_robot_controller/prefix_override:/Users/fabio/Documents/Projects/ros2_ws/install/my_robot_controller/lib/python3.10/site-packages:${PYTHONPATH} SHLVL=4 _=/usr/bin/env /Users/fabio/miniconda3/envs/ros_env/envs/ros_env/bin/python3.10 setup.py egg_info --egg-base ../../build/my_robot_controller build --build-base /Users/fabio/Documents/Projects/ros2_ws/build/my_robot_controller/build install --record /Users/fabio/Documents/Projects/ros2_ws/build/my_robot_controller/install.log --single-version-externally-managed
[0.590s] running egg_info
[0.590s] writing ../../build/my_robot_controller/my_robot_controller.egg-info/PKG-INFO
[0.590s] writing dependency_links to ../../build/my_robot_controller/my_robot_controller.egg-info/dependency_links.txt
[0.590s] writing entry points to ../../build/my_robot_controller/my_robot_controller.egg-info/entry_points.txt
[0.590s] writing requirements to ../../build/my_robot_controller/my_robot_controller.egg-info/requires.txt
[0.590s] writing top-level names to ../../build/my_robot_controller/my_robot_controller.egg-info/top_level.txt
[0.592s] reading manifest file '../../build/my_robot_controller/my_robot_controller.egg-info/SOURCES.txt'
[0.593s] writing manifest file '../../build/my_robot_controller/my_robot_controller.egg-info/SOURCES.txt'
[0.593s] running build
[0.593s] running build_py
[0.593s] running install
[0.593s] running install_lib
[0.594s] running install_data
[0.594s] running install_egg_info
[0.595s] removing '/Users/fabio/Documents/Projects/ros2_ws/install/my_robot_controller/lib/python3.10/site-packages/my_robot_controller-0.0.0-py3.10.egg-info' (and everything under it)
[0.595s] Copying ../../build/my_robot_controller/my_robot_controller.egg-info to /Users/fabio/Documents/Projects/ros2_ws/install/my_robot_controller/lib/python3.10/site-packages/my_robot_controller-0.0.0-py3.10.egg-info
[0.597s] running install_scripts
[0.611s] Installing test_node script to /Users/fabio/Documents/Projects/ros2_ws/install/my_robot_controller/lib/my_robot_controller
[0.612s] writing list of installed files to '/Users/fabio/Documents/Projects/ros2_ws/build/my_robot_controller/install.log'
[0.626s] Invoked command in '/Users/fabio/Documents/Projects/ros2_ws/src/my_robot_controller' returned '0': CONDA_PROMPT_MODIFIER=(ros_env) PYTHONPATH=/Users/fabio/Documents/Projects/ros2_ws/build/my_robot_controller/prefix_override:/Users/fabio/Documents/Projects/ros2_ws/install/my_robot_controller/lib/python3.10/site-packages:${PYTHONPATH} SHLVL=4 _=/usr/bin/env /Users/fabio/miniconda3/envs/ros_env/envs/ros_env/bin/python3.10 setup.py egg_info --egg-base ../../build/my_robot_controller build --build-base /Users/fabio/Documents/Projects/ros2_ws/build/my_robot_controller/build install --record /Users/fabio/Documents/Projects/ros2_ws/build/my_robot_controller/install.log --single-version-externally-managed
