[1.388s] Invoking command in '/Users/fabio/Documents/Projects/ros2_ws/src/my_robot_controller': CONDA_PROMPT_MODIFIER=(base) PYTHONPATH=/Users/fabio/Documents/Projects/ros2_ws/build/my_robot_controller/prefix_override:/Users/fabio/Documents/Projects/ros2_ws/install/my_robot_controller/lib/python3.10/site-packages:${PYTHONPATH} SHLVL=2 _=/Users/fabio/miniconda3/envs/ros_env/envs/ros_env/bin/env __CF_USER_TEXT_ENCODING=0x1F5:0x0:0x2 /Users/fabio/miniconda3/envs/ros_env/envs/ros_env/bin/python3.10 setup.py egg_info --egg-base ../../build/my_robot_controller build --build-base /Users/fabio/Documents/Projects/ros2_ws/build/my_robot_controller/build install --record /Users/fabio/Documents/Projects/ros2_ws/build/my_robot_controller/install.log --single-version-externally-managed
[1.834s] running egg_info
[1.834s] creating ../../build/my_robot_controller/my_robot_controller.egg-info
[1.867s] writing ../../build/my_robot_controller/my_robot_controller.egg-info/PKG-INFO
[1.894s] writing dependency_links to ../../build/my_robot_controller/my_robot_controller.egg-info/dependency_links.txt
[2.030s] writing requirements to ../../build/my_robot_controller/my_robot_controller.egg-info/requires.txt
[2.057s] writing top-level names to ../../build/my_robot_controller/my_robot_controller.egg-info/top_level.txt
[2.057s] writing manifest file '../../build/my_robot_controller/my_robot_controller.egg-info/SOURCES.txt'
[2.099s] reading manifest file '../../build/my_robot_controller/my_robot_controller.egg-info/SOURCES.txt'
[2.099s] writing manifest file '../../build/my_robot_controller/my_robot_controller.egg-info/SOURCES.txt'
[2.099s] running build
[2.099s] running build_py
[2.099s] creating /Users/fabio/Documents/Projects/ros2_ws/build/my_robot_controller/build
[2.100s] creating /Users/fabio/Documents/Projects/ros2_ws/build/my_robot_controller/build/lib
[2.100s] creating /Users/fabio/Documents/Projects/ros2_ws/build/my_robot_controller/build/lib/my_robot_controller
[2.100s] copying my_robot_controller/__init__.py -> /Users/fabio/Documents/Projects/ros2_ws/build/my_robot_controller/build/lib/my_robot_controller
[2.100s] running install
[2.100s] /Users/fabio/miniconda3/envs/ros_env/envs/ros_env/lib/python3.10/site-packages/setuptools/command/install.py:34: SetuptoolsDeprecationWarning: setup.py install is deprecated. Use build and pip and other standards-based tools.
[2.100s]   warnings.warn(
[2.103s] running install_lib
[2.139s] creating /Users/fabio/Documents/Projects/ros2_ws/install/my_robot_controller/lib/python3.10/site-packages/my_robot_controller
[2.139s] copying /Users/fabio/Documents/Projects/ros2_ws/build/my_robot_controller/build/lib/my_robot_controller/__init__.py -> /Users/fabio/Documents/Projects/ros2_ws/install/my_robot_controller/lib/python3.10/site-packages/my_robot_controller
[2.139s] byte-compiling /Users/fabio/Documents/Projects/ros2_ws/install/my_robot_controller/lib/python3.10/site-packages/my_robot_controller/__init__.py to __init__.cpython-310.pyc
[2.139s] running install_data
[2.147s] creating /Users/fabio/Documents/Projects/ros2_ws/install/my_robot_controller/share/ament_index
[2.147s] creating /Users/fabio/Documents/Projects/ros2_ws/install/my_robot_controller/share/ament_index/resource_index
[2.147s] creating /Users/fabio/Documents/Projects/ros2_ws/install/my_robot_controller/share/ament_index/resource_index/packages
[2.147s] copying resource/my_robot_controller -> /Users/fabio/Documents/Projects/ros2_ws/install/my_robot_controller/share/ament_index/resource_index/packages
[2.147s] copying package.xml -> /Users/fabio/Documents/Projects/ros2_ws/install/my_robot_controller/share/my_robot_controller
[2.147s] running install_egg_info
[2.181s] Copying ../../build/my_robot_controller/my_robot_controller.egg-info to /Users/fabio/Documents/Projects/ros2_ws/install/my_robot_controller/lib/python3.10/site-packages/my_robot_controller-0.0.0-py3.10.egg-info
[2.182s] running install_scripts
[2.254s] writing list of installed files to '/Users/fabio/Documents/Projects/ros2_ws/build/my_robot_controller/install.log'
[2.271s] Invoked command in '/Users/fabio/Documents/Projects/ros2_ws/src/my_robot_controller' returned '0': CONDA_PROMPT_MODIFIER=(base) PYTHONPATH=/Users/fabio/Documents/Projects/ros2_ws/build/my_robot_controller/prefix_override:/Users/fabio/Documents/Projects/ros2_ws/install/my_robot_controller/lib/python3.10/site-packages:${PYTHONPATH} SHLVL=2 _=/Users/fabio/miniconda3/envs/ros_env/envs/ros_env/bin/env __CF_USER_TEXT_ENCODING=0x1F5:0x0:0x2 /Users/fabio/miniconda3/envs/ros_env/envs/ros_env/bin/python3.10 setup.py egg_info --egg-base ../../build/my_robot_controller build --build-base /Users/fabio/Documents/Projects/ros2_ws/build/my_robot_controller/build install --record /Users/fabio/Documents/Projects/ros2_ws/build/my_robot_controller/install.log --single-version-externally-managed
