[0.992s] Invoking command in '/Users/fabio/Documents/Projects/ros2_ws/src/my_robot_controller': CONDA_PROMPT_MODIFIER=(ros_env) PYTHONPATH=/Users/fabio/Documents/Projects/ros2_ws/build/my_robot_controller/prefix_override:/Users/fabio/Documents/Projects/ros2_ws/install/my_robot_controller/lib/python3.10/site-packages:${PYTHONPATH} SHLVL=2 _=/Users/fabio/miniconda3/envs/ros_env/envs/ros_env/bin/env __CF_USER_TEXT_ENCODING=0x1F5:0x0:0x2 /Users/fabio/miniconda3/envs/ros_env/envs/ros_env/bin/python3.10 setup.py egg_info --egg-base ../../build/my_robot_controller build --build-base /Users/fabio/Documents/Projects/ros2_ws/build/my_robot_controller/build install --record /Users/fabio/Documents/Projects/ros2_ws/build/my_robot_controller/install.log --single-version-externally-managed
[1.430s] running egg_info
[1.462s] writing ../../build/my_robot_controller/my_robot_controller.egg-info/PKG-INFO
[1.487s] writing dependency_links to ../../build/my_robot_controller/my_robot_controller.egg-info/dependency_links.txt
[1.621s] writing requirements to ../../build/my_robot_controller/my_robot_controller.egg-info/requires.txt
[1.647s] writing top-level names to ../../build/my_robot_controller/my_robot_controller.egg-info/top_level.txt
[1.687s] reading manifest file '../../build/my_robot_controller/my_robot_controller.egg-info/SOURCES.txt'
[1.687s] writing manifest file '../../build/my_robot_controller/my_robot_controller.egg-info/SOURCES.txt'
[1.687s] running build
[1.687s] running build_py
[1.687s] running install
[1.687s] /Users/fabio/miniconda3/envs/ros_env/envs/ros_env/lib/python3.10/site-packages/setuptools/command/install.py:34: SetuptoolsDeprecationWarning: setup.py install is deprecated. Use build and pip and other standards-based tools.
[1.688s]   warnings.warn(
[1.691s] running install_lib
[1.723s] running install_data
[1.730s] running install_egg_info
[1.762s] removing '/Users/fabio/Documents/Projects/ros2_ws/install/my_robot_controller/lib/python3.10/site-packages/my_robot_controller-0.0.0-py3.10.egg-info' (and everything under it)
[1.763s] Copying ../../build/my_robot_controller/my_robot_controller.egg-info to /Users/fabio/Documents/Projects/ros2_ws/install/my_robot_controller/lib/python3.10/site-packages/my_robot_controller-0.0.0-py3.10.egg-info
[1.764s] running install_scripts
[1.835s] writing list of installed files to '/Users/fabio/Documents/Projects/ros2_ws/build/my_robot_controller/install.log'
[1.851s] Invoked command in '/Users/fabio/Documents/Projects/ros2_ws/src/my_robot_controller' returned '0': CONDA_PROMPT_MODIFIER=(ros_env) PYTHONPATH=/Users/fabio/Documents/Projects/ros2_ws/build/my_robot_controller/prefix_override:/Users/fabio/Documents/Projects/ros2_ws/install/my_robot_controller/lib/python3.10/site-packages:${PYTHONPATH} SHLVL=2 _=/Users/fabio/miniconda3/envs/ros_env/envs/ros_env/bin/env __CF_USER_TEXT_ENCODING=0x1F5:0x0:0x2 /Users/fabio/miniconda3/envs/ros_env/envs/ros_env/bin/python3.10 setup.py egg_info --egg-base ../../build/my_robot_controller build --build-base /Users/fabio/Documents/Projects/ros2_ws/build/my_robot_controller/build install --record /Users/fabio/Documents/Projects/ros2_ws/build/my_robot_controller/install.log --single-version-externally-managed
